c:\dediware-master\dlg_atmel\release\vc120.pdb
c:\dediware-master\dlg_atmel\release\dllmain.obj
c:\dediware-master\dlg_atmel\release\dlg_atmel_aln.pch
c:\dediware-master\dlg_atmel\release\stdafx.obj
c:\dediware-master\dlg_atmel\release\dlg_samg5x.obj
c:\dediware-master\dlg_atmel\release\dlg_sam3s.obj
c:\dediware-master\dlg_atmel\release\dlg_atxmega_a3b.obj
c:\dediware-master\dlg_atmel\release\dlg_atxmegae.obj
c:\dediware-master\dlg_atmel\release\dlg_atxmegabcd.obj
c:\dediware-master\dlg_atmel\release\dlg_atxmegaa.obj
c:\dediware-master\dlg_atmel\release\dlg_attinyx41.obj
c:\dediware-master\dlg_atmel\release\dlg_attinyx.obj
c:\dediware-master\dlg_atmel\release\dlg_attinyisp_2.obj
c:\dediware-master\dlg_atmel\release\dlg_attinyisp_1.obj
c:\dediware-master\dlg_atmel\release\dlg_attiny828.obj
c:\dediware-master\dlg_atmel\release\dlg_attiny26.obj
c:\dediware-master\dlg_atmel\release\dlg_attiny13.obj
c:\dediware-master\dlg_atmel\release\dlg_atsamd.obj
c:\dediware-master\dlg_atmel\release\dlg_atmel.obj
c:\dediware-master\release\server\icsupport\binary\dlg_atmel_aln.lib
c:\dediware-master\release\server\icsupport\binary\dlg_atmel_aln.exp
c:\dediware-master\release\server\icsupport\binary\dlg_atmel_aln.dll
c:\dediware-master\release\server\icsupport\binary\dlg_atmel_aln.pdb
c:\dediware-master\dlg_atmel\release\dlg_atmel.res
c:\dediware-master\dlg_atmel\release\dlg_atmel.pch
c:\dediware-master\dlg_atmel\release\dlg_atmel.tlog\cl.command.1.tlog
c:\dediware-master\dlg_atmel\release\dlg_atmel.tlog\cl.read.1.tlog
c:\dediware-master\dlg_atmel\release\dlg_atmel.tlog\cl.write.1.tlog
c:\dediware-master\dlg_atmel\release\dlg_atmel.tlog\dlg_atmel.write.1u.tlog
c:\dediware-master\dlg_atmel\release\dlg_atmel.tlog\link.command.1.tlog
c:\dediware-master\dlg_atmel\release\dlg_atmel.tlog\link.read.1.tlog
c:\dediware-master\dlg_atmel\release\dlg_atmel.tlog\link.write.1.tlog
c:\dediware-master\dlg_atmel\release\dlg_atmel.tlog\rc.command.1.tlog
c:\dediware-master\dlg_atmel\release\dlg_atmel.tlog\rc.read.1.tlog
c:\dediware-master\dlg_atmel\release\dlg_atmel.tlog\rc.write.1.tlog
