Build started 2017/1/9 上午 10:22:14.
     1>Project "C:\DediWare-master\Dlg_ATMEL\Dlg_ATMEL.vcxproj" on node 2 (Build target(s)).
     1>C:\Program Files (x86)\MSBuild\Microsoft.Cpp\v4.0\V120\Microsoft.CppBuild.targets(357,5): warning MSB8004: Output Directory does not end with a trailing slash.  This build instance will add the slash as it is required to allow proper evaluation of the Output Directory.
     1>ResourceCompile:
         C:\Program Files (x86)\Microsoft SDKs\Windows\v7.1A\bin\rc.exe /D NDEBUG /D _USING_V110_SDK71_ /D _UNICODE /D UNICODE /D _AFXDLL /l"0x0409" /IRelease\ /nologo /fo"Release\Dlg_ATMEL.res" Dlg_ATMEL.rc 
       Link:
         C:\Program Files (x86)\Microsoft Visual Studio 12.0\VC\bin\link.exe /ERRORREPORT:PROMPT /OUT:"C:\DediWare-master\Release\Server\ICSupport\Binary\Dlg_ATMEL_ALN.dll" /INCREMENTAL:NO /NOLOGO /DEF:".\Dlg_ATMEL.def" /MANIFEST /MANIFESTUAC:"level='asInvoker' uiAccess='false'" /manifest:embed /manifestinput:"C:\Program Files (x86)\Microsoft Visual Studio 12.0\VC\Include\Manifest\dpiaware.manifest" /DEBUG /PDB:"C:\DediWare-master\Release\Server\ICSupport\Binary\Dlg_ATMEL_ALN.pdb" /SUBSYSTEM:WINDOWS,"5.01" /OPT:REF /OPT:ICF /LTCG /TLBID:1 /DYNAMICBASE /NXCOMPAT /IMPLIB:"C:\DediWare-master\Release\Server\ICSupport\Binary\Dlg_ATMEL_ALN.lib" /MACHINE:X86 /SAFESEH /DLL Release\Dlg_ATMEL.res
         Release\Dlg_AT89S.obj
         Release\Dlg_ATMEL.obj
         Release\Dlg_ATSAMD.obj
         Release\Dlg_ATtiny13.obj
         Release\Dlg_ATtiny26.obj
         Release\Dlg_ATtiny828.obj
         Release\Dlg_ATtinyISP_1.obj
         Release\Dlg_ATtinyISP_2.obj
         Release\Dlg_ATtinyX.obj
         Release\Dlg_ATtinyX41.obj
         Release\Dlg_ATxmegaA.obj
         Release\Dlg_ATxmegaBCD.obj
         Release\Dlg_ATxmegaE.obj
         Release\Dlg_Atxmega_A3B.obj
         Release\Dlg_SAM3S.obj
         Release\Dlg_SAMG5X.obj
         Release\dllmain.obj
         Release\stdafx.obj
            Creating library C:\DediWare-master\Release\Server\ICSupport\Binary\Dlg_ATMEL_ALN.lib and object C:\DediWare-master\Release\Server\ICSupport\Binary\Dlg_ATMEL_ALN.exp
         Generating code
         Finished generating code
         Dlg_ATMEL.vcxproj -> C:\DediWare-master\Release\Server\ICSupport\Binary\Dlg_ATMEL_ALN.dll
     1>Done Building Project "C:\DediWare-master\Dlg_ATMEL\Dlg_ATMEL.vcxproj" (Build target(s)).

Build succeeded.

Time Elapsed 00:00:03.75
