c:\dediware-master\dlg_lattice\debug\dlg_lattice_aln_200.pch
c:\dediware-master\dlg_lattice\debug\vc120.pdb
c:\dediware-master\dlg_lattice\debug\vc120.idb
c:\dediware-master\dlg_lattice\debug\stdafx.obj
c:\dediware-master\dlg_lattice\debug\dlg_ice40.obj
c:\dediware-master\dlg_lattice\debug\dlg_isplattice.obj
c:\dediware-master\dlg_lattice\debug\dlg_lattice.obj
c:\dediware-master\dlg_lattice\debug\ispmachxo2.obj
c:\dediware-master\dlg_lattice\debug\dllmain.obj
c:\dediware-master\debug\server\icsupport\binary\dlg_lattice_aln_200.lib
c:\dediware-master\debug\server\icsupport\binary\dlg_lattice_aln_200.exp
c:\dediware-master\debug\server\icsupport\binary\dlg_lattice_aln_200.ilk
c:\dediware-master\debug\server\icsupport\binary\dlg_lattice_aln_200.dll
c:\dediware-master\debug\server\icsupport\binary\dlg_lattice_aln_200.pdb
c:\dediware-master\dlg_lattice\debug\dlg_lattice.res
c:\dediware-master\dlg_lattice\debug\dlg_lattice.tlog\cl.command.1.tlog
c:\dediware-master\dlg_lattice\debug\dlg_lattice.tlog\cl.read.1.tlog
c:\dediware-master\dlg_lattice\debug\dlg_lattice.tlog\cl.write.1.tlog
c:\dediware-master\dlg_lattice\debug\dlg_lattice.tlog\dlg_lattice.write.1u.tlog
c:\dediware-master\dlg_lattice\debug\dlg_lattice.tlog\link.command.1.tlog
c:\dediware-master\dlg_lattice\debug\dlg_lattice.tlog\link.read.1.tlog
c:\dediware-master\dlg_lattice\debug\dlg_lattice.tlog\link.write.1.tlog
c:\dediware-master\dlg_lattice\debug\dlg_lattice.tlog\rc.command.1.tlog
c:\dediware-master\dlg_lattice\debug\dlg_lattice.tlog\rc.read.1.tlog
c:\dediware-master\dlg_lattice\debug\dlg_lattice.tlog\rc.write.1.tlog
