c:\dediware-master\dlg_lattice\debug\dlg_lattice.pch
c:\dediware-master\dlg_lattice\debug\vc120.pdb
c:\dediware-master\dlg_lattice\debug\vc120.idb
c:\dediware-master\dlg_lattice\debug\stdafx.obj
c:\dediware-master\dlg_lattice\debug\dlg_isplattice.obj
c:\dediware-master\dlg_lattice\debug\dlg_lattice.obj
c:\dediware-master\dlg_lattice\debug\ispmachxo2.obj
c:\dediware-master\dlg_lattice\debug\dllmain.obj
c:\dediware-master\debug\server\icsupport\binary\dlg_lattice.lib
c:\dediware-master\debug\server\icsupport\binary\dlg_lattice.exp
c:\dediware-master\debug\server\icsupport\binary\dlg_lattice.ilk
c:\dediware-master\debug\server\icsupport\binary\dlg_lattice.dll
c:\dediware-master\debug\server\icsupport\binary\dlg_lattice.pdb
c:\dediware-master\dlg_lattice\debug\dlg_lattice.res
c:\dediware-master\dlg_lattice\debug\dlg_lattice.tlog\cl.command.1.tlog
c:\dediware-master\dlg_lattice\debug\dlg_lattice.tlog\cl.read.1.tlog
c:\dediware-master\dlg_lattice\debug\dlg_lattice.tlog\cl.write.1.tlog
c:\dediware-master\dlg_lattice\debug\dlg_lattice.tlog\dlg_lattice.write.1u.tlog
c:\dediware-master\dlg_lattice\debug\dlg_lattice.tlog\link.command.1.tlog
c:\dediware-master\dlg_lattice\debug\dlg_lattice.tlog\link.read.1.tlog
c:\dediware-master\dlg_lattice\debug\dlg_lattice.tlog\link.write.1.tlog
c:\dediware-master\dlg_lattice\debug\dlg_lattice.tlog\rc.command.1.tlog
c:\dediware-master\dlg_lattice\debug\dlg_lattice.tlog\rc.read.1.tlog
c:\dediware-master\dlg_lattice\debug\dlg_lattice.tlog\rc.write.1.tlog
