c:\dediware-master\dialognumicro\debug\dialognumicro_aln_201.pch
c:\dediware-master\dialognumicro\debug\vc120.pdb
c:\dediware-master\dialognumicro\debug\vc120.idb
c:\dediware-master\dialognumicro\debug\stdafx.obj
c:\dediware-master\dialognumicro\debug\dialognumicro.obj
c:\dediware-master\dialognumicro\debug\dlgmini51.obj
c:\dediware-master\dialognumicro\debug\dlg_isd9xxx.obj
c:\dediware-master\dialognumicro\debug\dlg_m0518.obj
c:\dediware-master\dialognumicro\debug\dlg_m0519.obj
c:\dediware-master\dialognumicro\debug\dlg_m05x.obj
c:\dediware-master\dialognumicro\debug\dlg_m05xd.obj
c:\dediware-master\dialognumicro\debug\dlg_m451ae.obj
c:\dediware-master\dialognumicro\debug\dlg_mini51d.obj
c:\dediware-master\dialognumicro\debug\dlg_mini58.obj
c:\dediware-master\dialognumicro\debug\dlg_n78e517.obj
c:\dediware-master\dialognumicro\debug\dlg_n79e7x.obj
c:\dediware-master\dialognumicro\debug\dlg_nano1x0an.obj
c:\dediware-master\dialognumicro\debug\dlg_nano1x0bn.obj
c:\dediware-master\dialognumicro\debug\dlg_nu8051.obj
c:\dediware-master\dialognumicro\debug\dlg_nuc103.obj
c:\dediware-master\dialognumicro\debug\dlg_nuc120dn.obj
c:\dediware-master\dialognumicro\debug\dlg_nuc1x0acn.obj
c:\dediware-master\dialognumicro\debug\dllmain.obj
c:\dediware-master\debug\server\icsupport\binary\dialognumicro_aln_201.lib
c:\dediware-master\debug\server\icsupport\binary\dialognumicro_aln_201.exp
c:\dediware-master\debug\server\icsupport\binary\dialognumicro_aln_201.ilk
c:\dediware-master\debug\server\icsupport\binary\dialognumicro_aln_201.dll
c:\dediware-master\debug\server\icsupport\binary\dialognumicro_aln_201.pdb
c:\dediware-master\dialognumicro\debug\dialognumicro.res
c:\dediware-master\dialognumicro\debug\dialognumicro_.tlog\cl.command.1.tlog
c:\dediware-master\dialognumicro\debug\dialognumicro_.tlog\cl.read.1.tlog
c:\dediware-master\dialognumicro\debug\dialognumicro_.tlog\cl.write.1.tlog
c:\dediware-master\dialognumicro\debug\dialognumicro_.tlog\dialognumicro_.write.1u.tlog
c:\dediware-master\dialognumicro\debug\dialognumicro_.tlog\link.command.1.tlog
c:\dediware-master\dialognumicro\debug\dialognumicro_.tlog\link.read.1.tlog
c:\dediware-master\dialognumicro\debug\dialognumicro_.tlog\link.write.1.tlog
c:\dediware-master\dialognumicro\debug\dialognumicro_.tlog\rc.command.1.tlog
c:\dediware-master\dialognumicro\debug\dialognumicro_.tlog\rc.read.1.tlog
c:\dediware-master\dialognumicro\debug\dialognumicro_.tlog\rc.write.1.tlog
