c:\dediware-master\dlg_amiccom_aln\release\dlg_amiccom_aln.pch
c:\dediware-master\dlg_amiccom_aln\release\vc120.pdb
c:\dediware-master\dlg_amiccom_aln\release\stdafx.obj
c:\dediware-master\dlg_amiccom_aln\release\dllmain.obj
c:\dediware-master\dlg_amiccom_aln\release\dlg_amiccom_aln.obj
c:\dediware-master\dlg_amiccom_aln\release\dlg_a8xxx.obj
c:\dediware-master\release\server\icsupport\binary\dlg_amiccom_aln.lib
c:\dediware-master\release\server\icsupport\binary\dlg_amiccom_aln.exp
c:\dediware-master\release\server\icsupport\binary\dlg_amiccom_aln.dll
c:\dediware-master\release\server\icsupport\binary\dlg_amiccom_aln.pdb
c:\dediware-master\dlg_amiccom_aln\release\dlg_amiccom_aln.res
c:\dediware-master\dlg_amiccom_aln\release\dlg_amiccom_aln.tlog\cl.command.1.tlog
c:\dediware-master\dlg_amiccom_aln\release\dlg_amiccom_aln.tlog\cl.read.1.tlog
c:\dediware-master\dlg_amiccom_aln\release\dlg_amiccom_aln.tlog\cl.write.1.tlog
c:\dediware-master\dlg_amiccom_aln\release\dlg_amiccom_aln.tlog\dlg_amiccom_aln.write.1u.tlog
c:\dediware-master\dlg_amiccom_aln\release\dlg_amiccom_aln.tlog\link.command.1.tlog
c:\dediware-master\dlg_amiccom_aln\release\dlg_amiccom_aln.tlog\link.read.1.tlog
c:\dediware-master\dlg_amiccom_aln\release\dlg_amiccom_aln.tlog\link.write.1.tlog
c:\dediware-master\dlg_amiccom_aln\release\dlg_amiccom_aln.tlog\rc.command.1.tlog
c:\dediware-master\dlg_amiccom_aln\release\dlg_amiccom_aln.tlog\rc.read.1.tlog
c:\dediware-master\dlg_amiccom_aln\release\dlg_amiccom_aln.tlog\rc.write.1.tlog
