Build started 2016/10/21 下午 01:39:39.
     1>Project "C:\DediWare-master\Dlg_AMICCOM_ALN\Dlg_AMICCOM_ALN.vcxproj" on node 3 (Build target(s)).
     1>C:\Program Files (x86)\MSBuild\Microsoft.Cpp\v4.0\V120\Microsoft.CppBuild.targets(357,5): warning MSB8004: Output Directory does not end with a trailing slash.  This build instance will add the slash as it is required to allow proper evaluation of the Output Directory.
     1>ClCompile:
         C:\Program Files (x86)\Microsoft Visual Studio 12.0\VC\bin\CL.exe /c /Zi /nologo /W3 /WX- /sdl /O2 /Oi /Oy- /GL /D WIN32 /D _WINDOWS /D NDEBUG /D _AFXEXT /D _USING_V110_SDK71_ /D _WINDLL /D _UNICODE /D UNICODE /D _AFXDLL /Gm- /EHsc /MD /GS /Gy /fp:precise /Zc:wchar_t /Zc:forScope /Yu"stdafx.h" /Fp"Release\Dlg_Amiccom_ALN.pch" /Fo"Release\\" /Fd"Release\vc120.pdb" /Gd /TP /analyze- /errorReport:prompt Dlg_A8XXX.cpp Dlg_AMICCOM_ALN.cpp
         Dlg_A8XXX.cpp
     1>Dlg_A8XXX.cpp(139): warning C4244: '=' : conversion from 'unsigned __int64' to 'unsigned char', possible loss of data
     1>Dlg_A8XXX.cpp(146): warning C4244: '=' : conversion from 'unsigned __int64' to 'unsigned short', possible loss of data
     1>Dlg_A8XXX.cpp(154): warning C4244: '=' : conversion from 'unsigned __int64' to 'unsigned short', possible loss of data
         Dlg_AMICCOM_ALN.cpp
       Link:
         C:\Program Files (x86)\Microsoft Visual Studio 12.0\VC\bin\link.exe /ERRORREPORT:PROMPT /OUT:"C:\DediWare-master\Release\Server\ICSupport\Binary\Dlg_Amiccom_ALN.dll" /INCREMENTAL:NO /NOLOGO /DEF:".\Dlg_AMICCOM_ALN.def" /MANIFEST /MANIFESTUAC:"level='asInvoker' uiAccess='false'" /manifest:embed /manifestinput:"C:\Program Files (x86)\Microsoft Visual Studio 12.0\VC\Include\Manifest\dpiaware.manifest" /DEBUG /PDB:"C:\DediWare-master\Release\Server\ICSupport\Binary\Dlg_Amiccom_ALN.pdb" /SUBSYSTEM:WINDOWS,"5.01" /OPT:REF /OPT:ICF /LTCG /TLBID:1 /DYNAMICBASE /NXCOMPAT /IMPLIB:"C:\DediWare-master\Release\Server\ICSupport\Binary\Dlg_Amiccom_ALN.lib" /MACHINE:X86 /SAFESEH /DLL Release\Dlg_AMICCOM_ALN.res
         Release\Dlg_A8XXX.obj
         Release\Dlg_AMICCOM_ALN.obj
         Release\dllmain.obj
         Release\stdafx.obj
            Creating library C:\DediWare-master\Release\Server\ICSupport\Binary\Dlg_Amiccom_ALN.lib and object C:\DediWare-master\Release\Server\ICSupport\Binary\Dlg_Amiccom_ALN.exp
         Generating code
         Finished generating code
         Dlg_AMICCOM_ALN.vcxproj -> C:\DediWare-master\Release\Server\ICSupport\Binary\Dlg_Amiccom_ALN.dll
     1>Done Building Project "C:\DediWare-master\Dlg_AMICCOM_ALN\Dlg_AMICCOM_ALN.vcxproj" (Build target(s)).

Build succeeded.

Time Elapsed 00:00:03.11
