Build started 2016/12/31 上午 12:21:27.
     1>Project "C:\DediWare-master\dialogNuMicro\dialogNuMicro_ALN_100.vcxproj" on node 2 (Build target(s)).
     1>C:\Program Files (x86)\MSBuild\Microsoft.Cpp\v4.0\V120\Microsoft.CppBuild.targets(357,5): warning MSB8004: Output Directory does not end with a trailing slash.  This build instance will add the slash as it is required to allow proper evaluation of the Output Directory.
     1>ClCompile:
         C:\Program Files (x86)\Microsoft Visual Studio 12.0\VC\bin\CL.exe /c /Zi /nologo /W3 /WX- /sdl /O2 /Oi /Oy- /GL /D WIN32 /D _WINDOWS /D NDEBUG /D _AFXEXT /D _USING_V110_SDK71_ /D _WINDLL /D _UNICODE /D UNICODE /D _AFXDLL /Gm- /EHsc /MD /GS /Gy /fp:precise /Zc:wchar_t /Zc:forScope /Yu"stdafx.h" /Fp"Release\dialogNuMicro_ALN_201.pch" /Fo"Release\\" /Fd"Release\vc120.pdb" /Gd /TP /analyze- /errorReport:prompt dialogNuMicro.cpp DlgMini51.cpp DLG_ISD9XXX.cpp DLG_M0518.cpp Dlg_M0519.cpp DLG_M05X.cpp Dlg_M05XD.cpp Dlg_M451AE.cpp Dlg_Mini51D.cpp Dlg_Mini58.cpp Dlg_N78E517.cpp Dlg_N79E7X.cpp Dlg_Nano102.cpp Dlg_Nano1X0AN.cpp Dlg_Nano1X0BN.cpp DLG_Nu8051.cpp Dlg_NUC103.cpp Dlg_NUC120DN.cpp DLG_NUC1X0ACN.cpp
         dialogNuMicro.cpp
         DlgMini51.cpp
     1>DlgMini51.cpp(241): warning C4244: '=' : conversion from 'unsigned __int64' to 'unsigned int', possible loss of data
     1>DlgMini51.cpp(244): warning C4244: '=' : conversion from 'unsigned __int64' to 'unsigned int', possible loss of data
     1>DlgMini51.cpp(287): warning C4244: '=' : conversion from 'unsigned __int64' to 'unsigned int', possible loss of data
         DLG_ISD9XXX.cpp
     1>DLG_ISD9XXX.cpp(197): warning C4244: '=' : conversion from 'unsigned __int64' to 'unsigned int', possible loss of data
     1>DLG_ISD9XXX.cpp(200): warning C4244: '=' : conversion from 'unsigned __int64' to 'unsigned int', possible loss of data
     1>DLG_ISD9XXX.cpp(225): warning C4244: '=' : conversion from 'unsigned __int64' to 'unsigned int', possible loss of data
         DLG_M0518.cpp
     1>DLG_M0518.cpp(374): warning C4244: '=' : conversion from 'unsigned __int64' to 'unsigned int', possible loss of data
     1>DLG_M0518.cpp(377): warning C4244: '=' : conversion from 'unsigned __int64' to 'unsigned int', possible loss of data
     1>DLG_M0518.cpp(390): warning C4244: '=' : conversion from 'unsigned __int64' to 'unsigned int', possible loss of data
         Dlg_M0519.cpp
     1>Dlg_M0519.cpp(373): warning C4244: '=' : conversion from 'unsigned __int64' to 'unsigned int', possible loss of data
     1>Dlg_M0519.cpp(376): warning C4244: '=' : conversion from 'unsigned __int64' to 'unsigned int', possible loss of data
     1>Dlg_M0519.cpp(401): warning C4244: '=' : conversion from 'unsigned __int64' to 'unsigned int', possible loss of data
         DLG_M05X.cpp
     1>DLG_M05X.cpp(228): warning C4244: '=' : conversion from 'unsigned __int64' to 'unsigned int', possible loss of data
         Dlg_M05XD.cpp
     1>Dlg_M05XD.cpp(270): warning C4244: '=' : conversion from 'unsigned __int64' to 'unsigned int', possible loss of data
         Dlg_M451AE.cpp
     1>Dlg_M451AE.cpp(361): warning C4244: '=' : conversion from 'unsigned __int64' to 'unsigned int', possible loss of data
     1>Dlg_M451AE.cpp(364): warning C4244: '=' : conversion from 'unsigned __int64' to 'unsigned int', possible loss of data
     1>Dlg_M451AE.cpp(391): warning C4244: '=' : conversion from 'unsigned __int64' to 'unsigned int', possible loss of data
         Dlg_Mini51D.cpp
     1>Dlg_Mini51D.cpp(259): warning C4244: '=' : conversion from 'unsigned __int64' to 'unsigned int', possible loss of data
     1>Dlg_Mini51D.cpp(262): warning C4244: '=' : conversion from 'unsigned __int64' to 'unsigned int', possible loss of data
     1>Dlg_Mini51D.cpp(289): warning C4244: '=' : conversion from 'unsigned __int64' to 'unsigned int', possible loss of data
         Dlg_Mini58.cpp
     1>Dlg_Mini58.cpp(265): warning C4244: '=' : conversion from 'unsigned __int64' to 'unsigned int', possible loss of data
     1>Dlg_Mini58.cpp(268): warning C4244: '=' : conversion from 'unsigned __int64' to 'unsigned int', possible loss of data
     1>Dlg_Mini58.cpp(292): warning C4244: '=' : conversion from 'unsigned __int64' to 'unsigned int', possible loss of data
         Dlg_N78E517.cpp
     1>Dlg_N78E517.cpp(359): warning C4244: '=' : conversion from 'unsigned __int64' to 'unsigned char', possible loss of data
     1>Dlg_N78E517.cpp(363): warning C4244: '=' : conversion from 'unsigned __int64' to 'unsigned char', possible loss of data
     1>Dlg_N78E517.cpp(367): warning C4244: '=' : conversion from 'unsigned __int64' to 'unsigned char', possible loss of data
     1>Dlg_N78E517.cpp(371): warning C4244: '=' : conversion from 'unsigned __int64' to 'unsigned char', possible loss of data
     1>Dlg_N78E517.cpp(397): warning C4244: '=' : conversion from 'unsigned __int64' to 'unsigned char', possible loss of data
         Dlg_N79E7X.cpp
     1>Dlg_N79E7X.cpp(377): warning C4244: '=' : conversion from 'unsigned __int64' to 'unsigned char', possible loss of data
     1>Dlg_N79E7X.cpp(381): warning C4244: '=' : conversion from 'unsigned __int64' to 'unsigned char', possible loss of data
     1>Dlg_N79E7X.cpp(385): warning C4244: '=' : conversion from 'unsigned __int64' to 'unsigned char', possible loss of data
     1>Dlg_N79E7X.cpp(389): warning C4244: '=' : conversion from 'unsigned __int64' to 'unsigned char', possible loss of data
     1>Dlg_N79E7X.cpp(393): warning C4244: '=' : conversion from 'unsigned __int64' to 'unsigned char', possible loss of data
     1>Dlg_N79E7X.cpp(426): warning C4244: '=' : conversion from 'unsigned __int64' to 'unsigned char', possible loss of data
         Dlg_Nano102.cpp
     1>Dlg_Nano102.cpp(276): warning C4244: '=' : conversion from 'unsigned __int64' to 'unsigned int', possible loss of data
     1>Dlg_Nano102.cpp(279): warning C4244: '=' : conversion from 'unsigned __int64' to 'unsigned int', possible loss of data
     1>Dlg_Nano102.cpp(304): warning C4244: '=' : conversion from 'unsigned __int64' to 'unsigned int', possible loss of data
         Dlg_Nano1X0AN.cpp
     1>Dlg_Nano1X0AN.cpp(203): warning C4244: '=' : conversion from 'unsigned __int64' to 'unsigned int', possible loss of data
     1>Dlg_Nano1X0AN.cpp(206): warning C4244: '=' : conversion from 'unsigned __int64' to 'unsigned int', possible loss of data
     1>Dlg_Nano1X0AN.cpp(230): warning C4244: '=' : conversion from 'unsigned __int64' to 'unsigned int', possible loss of data
         Dlg_Nano1X0BN.cpp
     1>Dlg_Nano1X0BN.cpp(233): warning C4244: '=' : conversion from 'unsigned __int64' to 'unsigned int', possible loss of data
     1>Dlg_Nano1X0BN.cpp(236): warning C4244: '=' : conversion from 'unsigned __int64' to 'unsigned int', possible loss of data
     1>Dlg_Nano1X0BN.cpp(261): warning C4244: '=' : conversion from 'unsigned __int64' to 'unsigned int', possible loss of data
         DLG_Nu8051.cpp
     1>DLG_Nu8051.cpp(374): warning C4244: '=' : conversion from 'unsigned __int64' to 'unsigned char', possible loss of data
     1>DLG_Nu8051.cpp(378): warning C4244: '=' : conversion from 'unsigned __int64' to 'unsigned char', possible loss of data
     1>DLG_Nu8051.cpp(382): warning C4244: '=' : conversion from 'unsigned __int64' to 'unsigned char', possible loss of data
     1>DLG_Nu8051.cpp(386): warning C4244: '=' : conversion from 'unsigned __int64' to 'unsigned char', possible loss of data
     1>DLG_Nu8051.cpp(415): warning C4244: '=' : conversion from 'unsigned __int64' to 'unsigned char', possible loss of data
         Dlg_NUC103.cpp
     1>Dlg_NUC103.cpp(313): warning C4244: '=' : conversion from 'unsigned __int64' to 'unsigned int', possible loss of data
     1>Dlg_NUC103.cpp(317): warning C4244: '=' : conversion from 'unsigned __int64' to 'unsigned int', possible loss of data
     1>Dlg_NUC103.cpp(342): warning C4244: '=' : conversion from 'unsigned __int64' to 'unsigned int', possible loss of data
         Dlg_NUC120DN.cpp
     1>Dlg_NUC120DN.cpp(340): warning C4244: '=' : conversion from 'unsigned __int64' to 'unsigned int', possible loss of data
     1>Dlg_NUC120DN.cpp(344): warning C4244: '=' : conversion from 'unsigned __int64' to 'unsigned int', possible loss of data
     1>Dlg_NUC120DN.cpp(370): warning C4244: '=' : conversion from 'unsigned __int64' to 'unsigned int', possible loss of data
         DLG_NUC1X0ACN.cpp
     1>DLG_NUC1X0ACN.cpp(276): warning C4244: '=' : conversion from 'unsigned __int64' to 'unsigned int', possible loss of data
     1>DLG_NUC1X0ACN.cpp(280): warning C4244: '=' : conversion from 'unsigned __int64' to 'unsigned int', possible loss of data
     1>DLG_NUC1X0ACN.cpp(316): warning C4244: '=' : conversion from 'unsigned __int64' to 'unsigned int', possible loss of data
       ResourceCompile:
         C:\Program Files (x86)\Microsoft SDKs\Windows\v7.1A\bin\rc.exe /D NDEBUG /D _USING_V110_SDK71_ /D _UNICODE /D UNICODE /D _AFXDLL /l"0x0409" /IRelease\ /nologo /fo"Release\dialogNuMicro.res" dialogNuMicro.rc 
       Link:
         C:\Program Files (x86)\Microsoft Visual Studio 12.0\VC\bin\link.exe /ERRORREPORT:PROMPT /OUT:"C:\DediWare-master\Release\Server\ICSupport\Binary\dialogNuMicro_ALN_201.dll" /INCREMENTAL:NO /NOLOGO /DEF:".\dialogNuMicro.def" /MANIFEST /MANIFESTUAC:"level='asInvoker' uiAccess='false'" /manifest:embed /manifestinput:"C:\Program Files (x86)\Microsoft Visual Studio 12.0\VC\Include\Manifest\dpiaware.manifest" /DEBUG /PDB:"C:\DediWare-master\Release\Server\ICSupport\Binary\dialogNuMicro_ALN_201.pdb" /SUBSYSTEM:WINDOWS,"5.01" /OPT:REF /OPT:ICF /LTCG /TLBID:1 /DYNAMICBASE /NXCOMPAT /IMPLIB:"C:\DediWare-master\Release\Server\ICSupport\Binary\dialogNuMicro_ALN_201.lib" /MACHINE:X86 /SAFESEH /DLL Release\dialogNuMicro.res
         Release\dialogNuMicro.obj
         Release\DlgMini51.obj
         Release\DLG_ISD9XXX.obj
         Release\DLG_M0518.obj
         Release\Dlg_M0519.obj
         Release\DLG_M05X.obj
         Release\Dlg_M05XD.obj
         Release\Dlg_M451AE.obj
         Release\Dlg_Mini51D.obj
         Release\Dlg_Mini58.obj
         Release\Dlg_N78E517.obj
         Release\Dlg_N79E7X.obj
         Release\Dlg_Nano102.obj
         Release\Dlg_Nano1X0AN.obj
         Release\Dlg_Nano1X0BN.obj
         Release\DLG_Nu8051.obj
         Release\Dlg_NUC103.obj
         Release\Dlg_NUC120DN.obj
         Release\DLG_NUC1X0ACN.obj
         Release\dllmain.obj
         Release\stdafx.obj
            Creating library C:\DediWare-master\Release\Server\ICSupport\Binary\dialogNuMicro_ALN_201.lib and object C:\DediWare-master\Release\Server\ICSupport\Binary\dialogNuMicro_ALN_201.exp
         Generating code
         Finished generating code
         dialogNuMicro_ALN_100.vcxproj -> C:\DediWare-master\Release\Server\ICSupport\Binary\dialogNuMicro_ALN_201.dll
     1>Done Building Project "C:\DediWare-master\dialogNuMicro\dialogNuMicro_ALN_100.vcxproj" (Build target(s)).

Build succeeded.

Time Elapsed 00:00:10.89
