c:\dediware(150716)\dialognumicro\release\dialognumicro_.pch
c:\dediware(150716)\dialognumicro\release\vc120.pdb
c:\dediware(150716)\dialognumicro\release\stdafx.obj
c:\dediware(150716)\dialognumicro\release\dlg_nuc1x0acn.obj
c:\dediware(150716)\dialognumicro\release\dlg_nuc120dn.obj
c:\dediware(150716)\dialognumicro\release\dlg_nuc103.obj
c:\dediware(150716)\dialognumicro\release\dlg_nu8051.obj
c:\dediware(150716)\dialognumicro\release\dlg_nano1x0bn.obj
c:\dediware(150716)\dialognumicro\release\dlg_nano1x0an.obj
c:\dediware(150716)\dialognumicro\release\dlg_n79e7x.obj
c:\dediware(150716)\dialognumicro\release\dlg_n78e517.obj
c:\dediware(150716)\dialognumicro\release\dlg_mini58.obj
c:\dediware(150716)\dialognumicro\release\dlg_mini51d.obj
c:\dediware(150716)\dialognumicro\release\dlg_m451ae.obj
c:\dediware(150716)\dialognumicro\release\dlg_m05xd.obj
c:\dediware(150716)\dialognumicro\release\dlg_m05x.obj
c:\dediware(150716)\dialognumicro\release\dlg_m0518.obj
c:\dediware(150716)\dialognumicro\release\dlg_isd9xxx.obj
c:\dediware(150716)\dialognumicro\release\dlgmini51.obj
c:\dediware(150716)\dialognumicro\release\dialognumicro.obj
c:\dediware(150716)\dialognumicro\release\dllmain.obj
c:\dediware(150716)\release\server\icsupport\binary\dialognumicro_.lib
c:\dediware(150716)\release\server\icsupport\binary\dialognumicro_.exp
c:\dediware(150716)\release\server\icsupport\binary\dialognumicro_.dll
c:\dediware(150716)\release\server\icsupport\binary\dialognumicro_.pdb
c:\dediware(150716)\dialognumicro\release\dialognumicro.res
c:\dediware(150716)\dialognumicro\release\dialognumicro_.tlog\cl.command.1.tlog
c:\dediware(150716)\dialognumicro\release\dialognumicro_.tlog\cl.read.1.tlog
c:\dediware(150716)\dialognumicro\release\dialognumicro_.tlog\cl.write.1.tlog
c:\dediware(150716)\dialognumicro\release\dialognumicro_.tlog\dialognumicro_.write.1u.tlog
c:\dediware(150716)\dialognumicro\release\dialognumicro_.tlog\link.command.1.tlog
c:\dediware(150716)\dialognumicro\release\dialognumicro_.tlog\link.read.1.tlog
c:\dediware(150716)\dialognumicro\release\dialognumicro_.tlog\link.write.1.tlog
c:\dediware(150716)\dialognumicro\release\dialognumicro_.tlog\rc.command.1.tlog
c:\dediware(150716)\dialognumicro\release\dialognumicro_.tlog\rc.read.1.tlog
c:\dediware(150716)\dialognumicro\release\dialognumicro_.tlog\rc.write.1.tlog
