c:\dediware-master\dlg_numicro2_aln\debug\dlg_numicro2_aln.pch
c:\dediware-master\dlg_numicro2_aln\debug\vc120.pdb
c:\dediware-master\dlg_numicro2_aln\debug\vc120.idb
c:\dediware-master\dlg_numicro2_aln\debug\stdafx.obj
c:\dediware-master\dlg_numicro2_aln\debug\dlg_nuc400.obj
c:\dediware-master\dlg_numicro2_aln\debug\dlg_nuc505.obj
c:\dediware-master\dlg_numicro2_aln\debug\dlg_numicro2_aln.obj
c:\dediware-master\dlg_numicro2_aln\debug\dllmain.obj
c:\dediware-master\debug\server\icsupport\binary\dlg_numicro2_aln.lib
c:\dediware-master\debug\server\icsupport\binary\dlg_numicro2_aln.exp
c:\dediware-master\debug\server\icsupport\binary\dlg_numicro2_aln.ilk
c:\dediware-master\debug\server\icsupport\binary\dlg_numicro2_aln.dll
c:\dediware-master\debug\server\icsupport\binary\dlg_numicro2_aln.pdb
c:\dediware-master\dlg_numicro2_aln\debug\dlg_numicro2_aln.res
c:\dediware-master\dlg_numicro2_aln\debug\dlg_numicro2_aln.tlog\cl.command.1.tlog
c:\dediware-master\dlg_numicro2_aln\debug\dlg_numicro2_aln.tlog\cl.read.1.tlog
c:\dediware-master\dlg_numicro2_aln\debug\dlg_numicro2_aln.tlog\cl.write.1.tlog
c:\dediware-master\dlg_numicro2_aln\debug\dlg_numicro2_aln.tlog\dlg_numicro2_aln.write.1u.tlog
c:\dediware-master\dlg_numicro2_aln\debug\dlg_numicro2_aln.tlog\link.command.1.tlog
c:\dediware-master\dlg_numicro2_aln\debug\dlg_numicro2_aln.tlog\link.read.1.tlog
c:\dediware-master\dlg_numicro2_aln\debug\dlg_numicro2_aln.tlog\link.write.1.tlog
c:\dediware-master\dlg_numicro2_aln\debug\dlg_numicro2_aln.tlog\rc.command.1.tlog
c:\dediware-master\dlg_numicro2_aln\debug\dlg_numicro2_aln.tlog\rc.read.1.tlog
c:\dediware-master\dlg_numicro2_aln\debug\dlg_numicro2_aln.tlog\rc.write.1.tlog
