c:\dediware-master\file_nvcm\debug\nvcm.pch
c:\dediware-master\file_nvcm\debug\vc120.pdb
c:\dediware-master\file_nvcm\debug\vc120.idb
c:\dediware-master\file_nvcm\debug\stdafx.obj
c:\dediware-master\file_nvcm\debug\file_nvcm.obj
c:\dediware-master\debug\server\nvcm.lib
c:\dediware-master\debug\server\nvcm.exp
c:\dediware-master\debug\server\nvcm.ilk
c:\dediware-master\debug\server\nvcm.dll
c:\dediware-master\debug\server\nvcm.pdb
c:\dediware-master\file_nvcm\debug\file_nvcm.res
c:\dediware-master\file_nvcm\debug\file_nvcm.tlog\cl.command.1.tlog
c:\dediware-master\file_nvcm\debug\file_nvcm.tlog\cl.read.1.tlog
c:\dediware-master\file_nvcm\debug\file_nvcm.tlog\cl.write.1.tlog
c:\dediware-master\file_nvcm\debug\file_nvcm.tlog\file_nvcm.write.1u.tlog
c:\dediware-master\file_nvcm\debug\file_nvcm.tlog\link.command.1.tlog
c:\dediware-master\file_nvcm\debug\file_nvcm.tlog\link.read.1.tlog
c:\dediware-master\file_nvcm\debug\file_nvcm.tlog\link.write.1.tlog
c:\dediware-master\file_nvcm\debug\file_nvcm.tlog\rc.command.1.tlog
c:\dediware-master\file_nvcm\debug\file_nvcm.tlog\rc.read.1.tlog
c:\dediware-master\file_nvcm\debug\file_nvcm.tlog\rc.write.1.tlog
