c:\dediware-master\dlg_atmega\debug\dlg_atmega_aln.pch
c:\dediware-master\dlg_atmega\debug\vc120.pdb
c:\dediware-master\dlg_atmega\debug\vc120.idb
c:\dediware-master\dlg_atmega\debug\stdafx.obj
c:\dediware-master\dlg_atmega\debug\dlg_at90can.obj
c:\dediware-master\dlg_atmega\debug\dlg_at90pwmx.obj
c:\dediware-master\dlg_atmega\debug\dlg_at90pwmx1.obj
c:\dediware-master\dlg_atmega\debug\dlg_at90usb.obj
c:\dediware-master\dlg_atmega\debug\dlg_atmega.obj
c:\dediware-master\dlg_atmega\debug\dlg_atmega128.obj
c:\dediware-master\dlg_atmega\debug\dlg_atmega16.obj
c:\dediware-master\dlg_atmega\debug\dlg_atmega162.obj
c:\dediware-master\dlg_atmega\debug\dlg_atmega328.obj
c:\dediware-master\dlg_atmega\debug\dlg_atmega48.obj
c:\dediware-master\dlg_atmega\debug\dlg_atmega8.obj
c:\dediware-master\dlg_atmega\debug\dlg_atmega88.obj
c:\dediware-master\dlg_atmega\debug\dlg_atmegahva.obj
c:\dediware-master\dlg_atmega\debug\dlg_atmegahvb.obj
c:\dediware-master\dlg_atmega\debug\dlg_atmegam1.obj
c:\dediware-master\dlg_atmega\debug\dlg_atmegau2.obj
c:\dediware-master\dlg_atmega\debug\dlg_atmegax0x4.obj
c:\dediware-master\dlg_atmega\debug\dlg_atmegax5x9.obj
c:\dediware-master\dlg_atmega\debug\dllmain.obj
c:\dediware-master\debug\server\icsupport\binary\dlg_atmega_aln.lib
c:\dediware-master\debug\server\icsupport\binary\dlg_atmega_aln.exp
c:\dediware-master\debug\server\icsupport\binary\dlg_atmega_aln.ilk
c:\dediware-master\debug\server\icsupport\binary\dlg_atmega_aln.dll
c:\dediware-master\debug\server\icsupport\binary\dlg_atmega_aln.pdb
c:\dediware-master\dlg_atmega\debug\dlg_atmega.res
c:\dediware-master\dlg_atmega\debug\dlg_atmega.tlog\cl.command.1.tlog
c:\dediware-master\dlg_atmega\debug\dlg_atmega.tlog\cl.read.1.tlog
c:\dediware-master\dlg_atmega\debug\dlg_atmega.tlog\cl.write.1.tlog
c:\dediware-master\dlg_atmega\debug\dlg_atmega.tlog\dlg_atmega.write.1u.tlog
c:\dediware-master\dlg_atmega\debug\dlg_atmega.tlog\link.command.1.tlog
c:\dediware-master\dlg_atmega\debug\dlg_atmega.tlog\link.read.1.tlog
c:\dediware-master\dlg_atmega\debug\dlg_atmega.tlog\link.write.1.tlog
c:\dediware-master\dlg_atmega\debug\dlg_atmega.tlog\rc.command.1.tlog
c:\dediware-master\dlg_atmega\debug\dlg_atmega.tlog\rc.read.1.tlog
c:\dediware-master\dlg_atmega\debug\dlg_atmega.tlog\rc.write.1.tlog
