c:\dediware(150716)\dlg_atmega\release\dlg_atmega.pch
c:\dediware(150716)\dlg_atmega\release\vc120.pdb
c:\dediware(150716)\dlg_atmega\release\stdafx.obj
c:\dediware(150716)\dlg_atmega\release\dlg_atmegax5x9.obj
c:\dediware(150716)\dlg_atmega\release\dlg_atmegax0x4.obj
c:\dediware(150716)\dlg_atmega\release\dlg_atmegau2.obj
c:\dediware(150716)\dlg_atmega\release\dlg_atmegam1.obj
c:\dediware(150716)\dlg_atmega\release\dlg_atmega88.obj
c:\dediware(150716)\dlg_atmega\release\dlg_atmega8.obj
c:\dediware(150716)\dlg_atmega\release\dlg_atmega48.obj
c:\dediware(150716)\dlg_atmega\release\dlg_atmega328.obj
c:\dediware(150716)\dlg_atmega\release\dlg_atmega162.obj
c:\dediware(150716)\dlg_atmega\release\dlg_atmega16.obj
c:\dediware(150716)\dlg_atmega\release\dlg_atmega128.obj
c:\dediware(150716)\dlg_atmega\release\dlg_atmega.obj
c:\dediware(150716)\dlg_atmega\release\dllmain.obj
c:\dediware(150716)\release\server\icsupport\binary\dlg_atmega.lib
c:\dediware(150716)\release\server\icsupport\binary\dlg_atmega.exp
c:\dediware(150716)\release\server\icsupport\binary\dlg_atmega.dll
c:\dediware(150716)\release\server\icsupport\binary\dlg_atmega.pdb
c:\dediware(150716)\dlg_atmega\release\dlg_atmega.res
c:\dediware(150716)\dlg_atmega\release\dlg_atmega.tlog\cl.command.1.tlog
c:\dediware(150716)\dlg_atmega\release\dlg_atmega.tlog\cl.read.1.tlog
c:\dediware(150716)\dlg_atmega\release\dlg_atmega.tlog\cl.write.1.tlog
c:\dediware(150716)\dlg_atmega\release\dlg_atmega.tlog\dlg_atmega.write.1u.tlog
c:\dediware(150716)\dlg_atmega\release\dlg_atmega.tlog\link.command.1.tlog
c:\dediware(150716)\dlg_atmega\release\dlg_atmega.tlog\link.read.1.tlog
c:\dediware(150716)\dlg_atmega\release\dlg_atmega.tlog\link.write.1.tlog
c:\dediware(150716)\dlg_atmega\release\dlg_atmega.tlog\rc.command.1.tlog
c:\dediware(150716)\dlg_atmega\release\dlg_atmega.tlog\rc.read.1.tlog
c:\dediware(150716)\dlg_atmega\release\dlg_atmega.tlog\rc.write.1.tlog
