c:\dediware-master\operationdll_aln\release\operationdll_aln_201.pch
c:\dediware-master\operationdll_aln\release\vc120.pdb
c:\dediware-master\operationdll_aln\release\stdafx.obj
c:\dediware-master\operationdll_aln\release\dllmain.obj
c:\dediware-master\operationdll_aln\release\operationdll.obj
c:\dediware-master\release\server\icsupport\binary\operationdll_aln_201.dll
c:\dediware-master\release\server\icsupport\binary\operationdll_aln_201.pdb
c:\dediware-master\release\server\icsupport\binary\operationdll_aln_201.lib
c:\dediware-master\release\server\icsupport\binary\operationdll_aln_201.exp
c:\dediware-master\operationdll_aln\release\operationdll.res
c:\dediware-master\operationdll_aln\release\operationdll.tlog\cl.command.1.tlog
c:\dediware-master\operationdll_aln\release\operationdll.tlog\cl.read.1.tlog
c:\dediware-master\operationdll_aln\release\operationdll.tlog\cl.write.1.tlog
c:\dediware-master\operationdll_aln\release\operationdll.tlog\link.command.1.tlog
c:\dediware-master\operationdll_aln\release\operationdll.tlog\link.read.1.tlog
c:\dediware-master\operationdll_aln\release\operationdll.tlog\link.write.1.tlog
c:\dediware-master\operationdll_aln\release\operationdll.tlog\operationdll.write.1u.tlog
c:\dediware-master\operationdll_aln\release\operationdll.tlog\rc.command.1.tlog
c:\dediware-master\operationdll_aln\release\operationdll.tlog\rc.read.1.tlog
c:\dediware-master\operationdll_aln\release\operationdll.tlog\rc.write.1.tlog
