c:\dediware(150716)\operationdll_aln\release\operationdll.pch
c:\dediware(150716)\operationdll_aln\release\vc120.pdb
c:\dediware(150716)\operationdll_aln\release\stdafx.obj
c:\dediware(150716)\operationdll_aln\release\dllmain.obj
c:\dediware(150716)\operationdll_aln\release\operationdll.obj
c:\dediware(150716)\release\server\icsupport\binary\operationdll.dll
c:\dediware(150716)\release\server\icsupport\binary\operationdll.pdb
c:\dediware(150716)\release\server\icsupport\binary\operationdll.lib
c:\dediware(150716)\release\server\icsupport\binary\operationdll.exp
c:\dediware(150716)\operationdll_aln\release\operationdll.res
c:\dediware(150716)\operationdll_aln\release\operationdll.tlog\cl.command.1.tlog
c:\dediware(150716)\operationdll_aln\release\operationdll.tlog\cl.read.1.tlog
c:\dediware(150716)\operationdll_aln\release\operationdll.tlog\cl.write.1.tlog
c:\dediware(150716)\operationdll_aln\release\operationdll.tlog\link.command.1.tlog
c:\dediware(150716)\operationdll_aln\release\operationdll.tlog\link.read.1.tlog
c:\dediware(150716)\operationdll_aln\release\operationdll.tlog\link.write.1.tlog
c:\dediware(150716)\operationdll_aln\release\operationdll.tlog\operationdll.write.1u.tlog
c:\dediware(150716)\operationdll_aln\release\operationdll.tlog\rc.command.1.tlog
c:\dediware(150716)\operationdll_aln\release\operationdll.tlog\rc.read.1.tlog
c:\dediware(150716)\operationdll_aln\release\operationdll.tlog\rc.write.1.tlog
