Build started 2017/1/4 下午 01:43:13.
     1>Project "C:\DediWare-master\Dlg_ATMEL\Dlg_ATMEL.vcxproj" on node 2 (Build target(s)).
     1>C:\Program Files (x86)\MSBuild\Microsoft.Cpp\v4.0\V120\Microsoft.CppBuild.targets(357,5): warning MSB8004: Output Directory does not end with a trailing slash.  This build instance will add the slash as it is required to allow proper evaluation of the Output Directory.
     1>ResourceCompile:
         C:\Program Files (x86)\Microsoft SDKs\Windows\v7.1A\bin\rc.exe /D _DEBUG /D _USING_V110_SDK71_ /D _UNICODE /D UNICODE /D _AFXDLL /l"0x0409" /IDebug\ /nologo /fo"Debug\Dlg_ATMEL.res" Dlg_ATMEL.rc 
       Link:
         C:\Program Files (x86)\Microsoft Visual Studio 12.0\VC\bin\link.exe /ERRORREPORT:PROMPT /OUT:"C:\DediWare-master\Debug\Server\ICSupport\Binary\Dlg_ATMEL_ALN.dll" /INCREMENTAL /NOLOGO /DEF:".\Dlg_ATMEL.def" /MANIFEST /MANIFESTUAC:"level='asInvoker' uiAccess='false'" /manifest:embed /manifestinput:"C:\Program Files (x86)\Microsoft Visual Studio 12.0\VC\Include\Manifest\dpiaware.manifest" /DEBUG /PDB:"C:\DediWare-master\Debug\Server\ICSupport\Binary\Dlg_ATMEL_ALN.pdb" /SUBSYSTEM:WINDOWS,"5.01" /TLBID:1 /DYNAMICBASE /NXCOMPAT /IMPLIB:"C:\DediWare-master\Debug\Server\ICSupport\Binary\Dlg_ATMEL_ALN.lib" /MACHINE:X86 /DLL Debug\Dlg_ATMEL.res
         Debug\Dlg_AT89S.obj
         Debug\Dlg_ATMEL.obj
         Debug\Dlg_ATSAMD.obj
         Debug\Dlg_ATtiny13.obj
         Debug\Dlg_ATtiny26.obj
         Debug\Dlg_ATtiny828.obj
         Debug\Dlg_ATtinyISP_1.obj
         Debug\Dlg_ATtinyISP_2.obj
         Debug\Dlg_ATtinyX.obj
         Debug\Dlg_ATtinyX41.obj
         Debug\Dlg_ATxmegaA.obj
         Debug\Dlg_ATxmegaBCD.obj
         Debug\Dlg_ATxmegaE.obj
         Debug\Dlg_Atxmega_A3B.obj
         Debug\Dlg_SAM3S.obj
         Debug\Dlg_SAMG5X.obj
         Debug\dllmain.obj
         Debug\stdafx.obj
         Dlg_ATMEL.vcxproj -> C:\DediWare-master\Debug\Server\ICSupport\Binary\Dlg_ATMEL_ALN.dll
     1>Done Building Project "C:\DediWare-master\Dlg_ATMEL\Dlg_ATMEL.vcxproj" (Build target(s)).

Build succeeded.

Time Elapsed 00:00:00.57
