Build started 2016/12/29 上午 11:19:25.
     1>Project "C:\DediWare-master\FILE_JED\FILE_JED.vcxproj" on node 3 (Rebuild target(s)).
     1>ClCompile:
         C:\Program Files (x86)\Microsoft Visual Studio 12.0\VC\bin\CL.exe /c /ZI /nologo /W3 /WX- /sdl /Od /Oy- /D WIN32 /D _DEBUG /D _WINDOWS /D _USRDLL /D FILE_JED_EXPORTS /D _USING_V110_SDK71_ /D _WINDLL /D _UNICODE /D UNICODE /Gm /EHsc /RTC1 /MDd /GS /fp:precise /Zc:wchar_t /Zc:forScope /Yc"stdafx.h" /Fp"Debug\JEDEC.pch" /Fo"Debug\\" /Fd"Debug\vc120.pdb" /Gd /TP /analyze- /errorReport:prompt stdafx.cpp
         stdafx.cpp
         C:\Program Files (x86)\Microsoft Visual Studio 12.0\VC\bin\CL.exe /c /ZI /nologo /W3 /WX- /sdl /Od /Oy- /D WIN32 /D _DEBUG /D _WINDOWS /D _USRDLL /D FILE_JED_EXPORTS /D _USING_V110_SDK71_ /D _WINDLL /D _UNICODE /D UNICODE /Gm /EHsc /RTC1 /MDd /GS /fp:precise /Zc:wchar_t /Zc:forScope /Fo"Debug\\" /Fd"Debug\vc120.pdb" /Gd /TP /analyze- /errorReport:prompt dllmain.cpp
         dllmain.cpp
         C:\Program Files (x86)\Microsoft Visual Studio 12.0\VC\bin\CL.exe /c /ZI /nologo /W3 /WX- /sdl /Od /Oy- /D WIN32 /D _DEBUG /D _WINDOWS /D _USRDLL /D FILE_JED_EXPORTS /D _USING_V110_SDK71_ /D _WINDLL /D _UNICODE /D UNICODE /Gm /EHsc /RTC1 /MDd /GS /fp:precise /Zc:wchar_t /Zc:forScope /Yu"stdafx.h" /Fp"Debug\JEDEC.pch" /Fo"Debug\\" /Fd"Debug\vc120.pdb" /Gd /TP /analyze- /errorReport:prompt FILE_JED.cpp
         FILE_JED.cpp
     1>c:\dediware-master\file_jed\file_jed.cpp(60): warning C4244: '=' : conversion from 'const unsigned __int64' to 'unsigned int', possible loss of data
     1>c:\dediware-master\file_jed\file_jed.cpp(189): warning C4018: '<' : signed/unsigned mismatch
     1>c:\dediware-master\file_jed\file_jed.cpp(197): warning C4018: '<' : signed/unsigned mismatch
     1>c:\dediware-master\file_jed\file_jed.cpp(202): warning C4018: '<' : signed/unsigned mismatch
     1>c:\dediware-master\file_jed\file_jed.cpp(206): warning C4244: 'initializing' : conversion from 'long' to 'unsigned char', possible loss of data
     1>c:\dediware-master\file_jed\file_jed.cpp(69): warning C4101: 'Line_str' : unreferenced local variable
       Link:
         C:\Program Files (x86)\Microsoft Visual Studio 12.0\VC\bin\link.exe /ERRORREPORT:PROMPT /OUT:"C:\DediWare-master\Debug\Server\JEDEC.dll" /INCREMENTAL /NOLOGO kernel32.lib user32.lib gdi32.lib winspool.lib comdlg32.lib advapi32.lib shell32.lib ole32.lib oleaut32.lib uuid.lib odbc32.lib odbccp32.lib /MANIFEST /MANIFESTUAC:"level='asInvoker' uiAccess='false'" /manifest:embed /DEBUG /PDB:"C:\DediWare-master\Debug\Server\JEDEC.pdb" /SUBSYSTEM:WINDOWS,"5.01" /TLBID:1 /DYNAMICBASE /NXCOMPAT /IMPLIB:"C:\DediWare-master\Debug\Server\JEDEC.lib" /MACHINE:X86 /DLL Debug\dllmain.obj
         Debug\FILE_JED.obj
         Debug\stdafx.obj
            Creating library C:\DediWare-master\Debug\Server\JEDEC.lib and object C:\DediWare-master\Debug\Server\JEDEC.exp
         FILE_JED.vcxproj -> C:\DediWare-master\Debug\Server\JEDEC.dll
     1>Done Building Project "C:\DediWare-master\FILE_JED\FILE_JED.vcxproj" (Rebuild target(s)).

Build succeeded.

Time Elapsed 00:00:02.50
