c:\dediware-master\operationdll_aln\debug\operationdll.pch
c:\dediware-master\operationdll_aln\debug\vc120.pdb
c:\dediware-master\operationdll_aln\debug\vc120.idb
c:\dediware-master\operationdll_aln\debug\stdafx.obj
c:\dediware-master\operationdll_aln\debug\dllmain.obj
c:\dediware-master\operationdll_aln\debug\operationdll.obj
c:\dediware-master\debug\server\icsupport\binary\operationdll.ilk
c:\dediware-master\debug\server\icsupport\binary\operationdll.dll
c:\dediware-master\debug\server\icsupport\binary\operationdll.pdb
c:\dediware-master\debug\server\icsupport\binary\operationdll.lib
c:\dediware-master\debug\server\icsupport\binary\operationdll.exp
c:\dediware-master\operationdll_aln\debug\operationdll.res
c:\dediware-master\operationdll_aln\debug\operationdll.tlog\cl.command.1.tlog
c:\dediware-master\operationdll_aln\debug\operationdll.tlog\cl.read.1.tlog
c:\dediware-master\operationdll_aln\debug\operationdll.tlog\cl.write.1.tlog
c:\dediware-master\operationdll_aln\debug\operationdll.tlog\link.command.1.tlog
c:\dediware-master\operationdll_aln\debug\operationdll.tlog\link.read.1.tlog
c:\dediware-master\operationdll_aln\debug\operationdll.tlog\link.write.1.tlog
c:\dediware-master\operationdll_aln\debug\operationdll.tlog\operationdll.write.1u.tlog
c:\dediware-master\operationdll_aln\debug\operationdll.tlog\rc.command.1.tlog
c:\dediware-master\operationdll_aln\debug\operationdll.tlog\rc.read.1.tlog
c:\dediware-master\operationdll_aln\debug\operationdll.tlog\rc.write.1.tlog
