Build started 2016/12/28 上午 11:59:15.
     1>Project "C:\DediWare-master\Dlg_Lattice\Dlg_Lattice.vcxproj" on node 2 (Build target(s)).
     1>C:\Program Files (x86)\MSBuild\Microsoft.Cpp\v4.0\V120\Microsoft.CppBuild.targets(357,5): warning MSB8004: Output Directory does not end with a trailing slash.  This build instance will add the slash as it is required to allow proper evaluation of the Output Directory.
     1>ClCompile:
         C:\Program Files (x86)\Microsoft Visual Studio 12.0\VC\bin\CL.exe /c /Zi /nologo /W3 /WX- /sdl /O2 /Oi /Oy- /GL /D WIN32 /D _WINDOWS /D NDEBUG /D _AFXEXT /D _AFXDLL /D _USING_V110_SDK71_ /D _WINDLL /D _UNICODE /D UNICODE /D _AFXDLL /Gm- /EHsc /MD /GS /Gy /fp:precise /Zc:wchar_t /Zc:forScope /Yu"stdafx.h" /Fp"Release\Dlg_Lattice_ALN_200.pch" /Fo"Release\\" /Fd"Release\vc120.pdb" /Gd /TP /analyze- /errorReport:prompt Dlg_iCE40.cpp Dlg_ispLattice.cpp
         Dlg_iCE40.cpp
         Dlg_ispLattice.cpp
     1>Dlg_ispLattice.cpp(78): warning C4244: '=' : conversion from 'unsigned __int64' to 'unsigned int', possible loss of data
       Link:
         C:\Program Files (x86)\Microsoft Visual Studio 12.0\VC\bin\link.exe /ERRORREPORT:PROMPT /OUT:"C:\DediWare-master\Release\Server\ICSupport\Binary\Dlg_Lattice_ALN_200.dll" /INCREMENTAL:NO /NOLOGO /DEF:".\Dlg_Lattice.def" /MANIFEST /MANIFESTUAC:"level='asInvoker' uiAccess='false'" /manifest:embed /manifestinput:"C:\Program Files (x86)\Microsoft Visual Studio 12.0\VC\Include\Manifest\dpiaware.manifest" /DEBUG /PDB:"C:\DediWare-master\Release\Server\ICSupport\Binary\Dlg_Lattice_ALN_200.pdb" /SUBSYSTEM:WINDOWS,"5.01" /OPT:REF /OPT:ICF /LTCG /TLBID:1 /DYNAMICBASE /NXCOMPAT /IMPLIB:"C:\DediWare-master\Release\Server\ICSupport\Binary\Dlg_Lattice_ALN_200.lib" /MACHINE:X86 /SAFESEH /DLL Release\Dlg_Lattice.res
         Release\Dlg_iCE40.obj
         Release\Dlg_ispLattice.obj
         Release\Dlg_Lattice.obj
         Release\dllmain.obj
         Release\ispMachXO2.obj
         Release\stdafx.obj
            Creating library C:\DediWare-master\Release\Server\ICSupport\Binary\Dlg_Lattice_ALN_200.lib and object C:\DediWare-master\Release\Server\ICSupport\Binary\Dlg_Lattice_ALN_200.exp
         Generating code
         Finished generating code
         Dlg_Lattice.vcxproj -> C:\DediWare-master\Release\Server\ICSupport\Binary\Dlg_Lattice_ALN_200.dll
     1>Done Building Project "C:\DediWare-master\Dlg_Lattice\Dlg_Lattice.vcxproj" (Build target(s)).

Build succeeded.

Time Elapsed 00:00:04.31
