c:\dediware(150716)\dlg_lattice\release\dlg_lattice.pch
c:\dediware(150716)\dlg_lattice\release\vc120.pdb
c:\dediware(150716)\dlg_lattice\release\stdafx.obj
c:\dediware(150716)\dlg_lattice\release\ispmachxo2.obj
c:\dediware(150716)\dlg_lattice\release\dlg_isplattice.obj
c:\dediware(150716)\dlg_lattice\release\dlg_lattice.obj
c:\dediware(150716)\dlg_lattice\release\dllmain.obj
c:\dediware(150716)\release\server\icsupport\binary\dlg_lattice.lib
c:\dediware(150716)\release\server\icsupport\binary\dlg_lattice.exp
c:\dediware(150716)\release\server\icsupport\binary\dlg_lattice.dll
c:\dediware(150716)\release\server\icsupport\binary\dlg_lattice.pdb
c:\dediware(150716)\dlg_lattice\release\dlg_lattice.res
c:\dediware(150716)\dlg_lattice\release\dlg_lattice.tlog\cl.command.1.tlog
c:\dediware(150716)\dlg_lattice\release\dlg_lattice.tlog\cl.read.1.tlog
c:\dediware(150716)\dlg_lattice\release\dlg_lattice.tlog\cl.write.1.tlog
c:\dediware(150716)\dlg_lattice\release\dlg_lattice.tlog\dlg_lattice.write.1u.tlog
c:\dediware(150716)\dlg_lattice\release\dlg_lattice.tlog\link.command.1.tlog
c:\dediware(150716)\dlg_lattice\release\dlg_lattice.tlog\link.read.1.tlog
c:\dediware(150716)\dlg_lattice\release\dlg_lattice.tlog\link.write.1.tlog
c:\dediware(150716)\dlg_lattice\release\dlg_lattice.tlog\rc.command.1.tlog
c:\dediware(150716)\dlg_lattice\release\dlg_lattice.tlog\rc.read.1.tlog
c:\dediware(150716)\dlg_lattice\release\dlg_lattice.tlog\rc.write.1.tlog
