c:\dediware-master\dlg_abov_aln\release\dlg_abov_aln.pch
c:\dediware-master\dlg_abov_aln\release\vc120.pdb
c:\dediware-master\dlg_abov_aln\release\stdafx.obj
c:\dediware-master\dlg_abov_aln\release\dllmain.obj
c:\dediware-master\dlg_abov_aln\release\dlg_mc96fc664a.obj
c:\dediware-master\dlg_abov_aln\release\dlg_mc96f6632.obj
c:\dediware-master\dlg_abov_aln\release\dlg_mc96f6432s.obj
c:\dediware-master\dlg_abov_aln\release\dlg_abov_aln.obj
c:\dediware-master\dlg_abov_aln\release\dlg_mc96f6432a.obj
c:\dediware-master\release\server\icsupport\binary\dlg_abov_aln.lib
c:\dediware-master\release\server\icsupport\binary\dlg_abov_aln.exp
c:\dediware-master\release\server\icsupport\binary\dlg_abov_aln.dll
c:\dediware-master\release\server\icsupport\binary\dlg_abov_aln.pdb
c:\dediware-master\dlg_abov_aln\release\dlg_abov_aln.res
c:\dediware-master\dlg_abov_aln\release\dlg_abov_aln.tlog\cl.command.1.tlog
c:\dediware-master\dlg_abov_aln\release\dlg_abov_aln.tlog\cl.read.1.tlog
c:\dediware-master\dlg_abov_aln\release\dlg_abov_aln.tlog\cl.write.1.tlog
c:\dediware-master\dlg_abov_aln\release\dlg_abov_aln.tlog\dlg_abov_aln.write.1u.tlog
c:\dediware-master\dlg_abov_aln\release\dlg_abov_aln.tlog\link.command.1.tlog
c:\dediware-master\dlg_abov_aln\release\dlg_abov_aln.tlog\link.read.1.tlog
c:\dediware-master\dlg_abov_aln\release\dlg_abov_aln.tlog\link.write.1.tlog
c:\dediware-master\dlg_abov_aln\release\dlg_abov_aln.tlog\rc.command.1.tlog
c:\dediware-master\dlg_abov_aln\release\dlg_abov_aln.tlog\rc.read.1.tlog
c:\dediware-master\dlg_abov_aln\release\dlg_abov_aln.tlog\rc.write.1.tlog
